[2025-06-10 14:30:34] INFO: GET /api/users/current
[2025-06-10 14:31:56] INFO: POST /api/users/refresh-token
[2025-06-10 14:31:56] INFO: POST /api/users/refresh-token
[2025-06-10 14:31:58] INFO: POST /api/properties/search
[2025-06-10 14:31:58] INFO: GET /api/users/current
[2025-06-10 14:35:22] INFO: GET /api/users/current
[2025-06-10 14:35:59] INFO: GET /api/users/current
[2025-06-10 14:37:22] INFO: GET /api/users/current
[2025-06-10 14:37:22] ERROR: null
[2025-06-10 14:37:38] INFO: GET /api/users/current
[2025-06-10 14:37:38] ERROR: undefined
[2025-06-10 14:37:56] INFO: GET /api/users/current
[2025-06-10 14:37:56] ERROR: undefined
[2025-06-10 14:39:37] INFO: GET /api/users/current

        undefined
    
[2025-06-10 14:39:55] INFO: POST /api/users/refresh-token

        undefined
    
[2025-06-10 14:40:10] INFO: GET /api/users/current

        undefined
    
[2025-06-10 14:49:14] INFO: GET /api/users/current
[2025-06-10 14:52:59] INFO: GET /api/users/current
[2025-06-10 14:53:01] INFO: [object Object]
[2025-06-10 14:53:01] INFO: [object Object]
[2025-06-10 14:53:01] INFO: [object Object]
[2025-06-10 14:53:32] INFO: [object Object]
[2025-06-10 14:53:32] INFO: [object Object]
[2025-06-10 14:53:32] INFO: [object Object]
[2025-06-10 14:54:21] INFO: [object Object]
[2025-06-10 14:54:21] INFO: [object Object]
[2025-06-10 14:54:21] INFO: [object Object]
[2025-06-10 14:54:38] INFO: [object Object]
[2025-06-10 14:54:38] INFO: [object Object]
[2025-06-10 14:54:38] INFO: [object Object]
[2025-06-10 14:55:48] INFO: GET /api/users/current
 undefined
[2025-06-10 14:56:07] INFO: GET /api/favorites/me
 undefined
[2025-06-10 14:56:28] INFO: PUT /api/users/current
 undefined
[2025-06-10 14:56:43] INFO: PUT /api/users/current
 [object Object]
[2025-06-10 14:57:33] INFO: PUT /api/users/current
[2025-06-10 14:59:15] INFO: PUT /api/users/current
[2025-06-10 14:59:45] INFO: PUT /api/users/current
[2025-06-10 15:00:10] INFO: PUT /api/users/current
[2025-06-10 15:04:47] INFO: POST /api/users/refresh-token
[2025-06-10 15:04:47] INFO: POST /api/users/refresh-token
[2025-06-10 15:04:54] INFO: POST /api/properties/search
[2025-06-10 15:04:54] INFO: GET /api/users/current
[2025-06-10 15:06:03] INFO: PUT /api/users/change-password
[2025-06-10 15:06:12] INFO: POST /api/users/logout
[2025-06-10 15:06:13] INFO: POST /api/properties/search
[2025-06-10 15:06:45] INFO: POST /api/users/login
[2025-06-10 15:06:45] INFO: GET /api/users/current
[2025-06-10 15:07:01] INFO: PUT /api/users/change-password
[2025-06-10 15:07:13] INFO: PUT /api/users/change-password
[2025-06-10 15:42:03] INFO: POST /api/properties/search
[2025-06-10 15:57:21] INFO: POST /api/properties/search
[2025-06-10 15:57:29] INFO: POST /api/users/login
[2025-06-10 15:57:30] INFO: GET /api/users/current
[2025-06-10 15:57:44] INFO: DELETE /api/users/current
[2025-06-10 15:58:22] INFO: POST /api/users/refresh-token
[2025-06-10 15:58:22] INFO: POST /api/users/refresh-token
[2025-06-10 15:58:22] INFO: GET /api/users/current
[2025-06-10 15:58:22] INFO: POST /api/properties/search
[2025-06-10 15:58:24] INFO: GET /api/users/current
[2025-06-10 16:30:24] INFO: DELETE /api/users/current
[2025-06-10 16:30:24] INFO: POST /api/users/refresh-token
[2025-06-10 16:30:25] INFO: DELETE /api/users/current
[2025-06-10 16:30:25] INFO: GET /api/users/current
[2025-06-10 16:30:39] INFO: POST /api/users/refresh-token
[2025-06-10 16:30:39] INFO: POST /api/users/refresh-token
[2025-06-10 16:30:39] INFO: POST /api/users/refresh-token
[2025-06-10 16:30:39] INFO: POST /api/users/refresh-token
[2025-06-10 16:30:39] INFO: POST /api/users/refresh-token
[2025-06-10 16:30:39] INFO: POST /api/users/refresh-token
[2025-06-10 16:30:39] INFO: POST /api/users/refresh-token
[2025-06-10 16:30:40] INFO: POST /api/users/refresh-token
[2025-06-10 16:30:40] INFO: POST /api/users/refresh-token
[2025-06-10 16:30:40] INFO: POST /api/users/refresh-token
[2025-06-10 16:30:40] INFO: POST /api/users/refresh-token
[2025-06-10 16:30:40] INFO: POST /api/users/refresh-token
[2025-06-10 16:30:40] INFO: POST /api/users/refresh-token
[2025-06-10 16:30:40] INFO: POST /api/users/refresh-token
[2025-06-10 16:30:40] INFO: POST /api/users/refresh-token
[2025-06-10 16:30:40] INFO: POST /api/users/refresh-token
[2025-06-10 16:30:40] INFO: POST /api/users/refresh-token
[2025-06-10 16:30:40] INFO: POST /api/users/refresh-token
[2025-06-10 16:30:40] INFO: POST /api/users/refresh-token
[2025-06-10 16:30:40] INFO: POST /api/users/refresh-token
[2025-06-10 16:30:40] INFO: POST /api/users/refresh-token
[2025-06-10 16:30:40] INFO: POST /api/users/refresh-token
[2025-06-10 16:30:40] INFO: POST /api/users/refresh-token
[2025-06-10 16:30:40] INFO: POST /api/users/refresh-token
[2025-06-10 16:30:40] INFO: POST /api/users/refresh-token
[2025-06-10 16:30:40] INFO: POST /api/users/refresh-token
[2025-06-10 16:30:40] INFO: POST /api/users/refresh-token
[2025-06-10 16:30:40] INFO: POST /api/users/refresh-token
[2025-06-10 16:30:40] INFO: POST /api/users/refresh-token
[2025-06-10 16:30:40] INFO: POST /api/users/refresh-token
[2025-06-10 16:30:40] INFO: POST /api/users/refresh-token
[2025-06-10 16:30:40] INFO: POST /api/users/refresh-token
[2025-06-10 16:30:40] INFO: POST /api/users/refresh-token
[2025-06-10 16:30:40] INFO: POST /api/users/refresh-token
[2025-06-10 16:30:40] INFO: POST /api/users/refresh-token
[2025-06-10 16:30:40] INFO: POST /api/users/refresh-token
[2025-06-10 16:30:40] INFO: POST /api/users/refresh-token
[2025-06-10 16:30:40] INFO: POST /api/users/refresh-token
[2025-06-10 16:30:40] INFO: POST /api/users/refresh-token
[2025-06-10 16:30:40] INFO: POST /api/users/refresh-token
[2025-06-10 16:30:40] INFO: POST /api/users/refresh-token
[2025-06-10 16:30:41] INFO: POST /api/users/refresh-token
[2025-06-10 16:30:41] INFO: POST /api/users/refresh-token
[2025-06-10 16:30:41] INFO: POST /api/users/refresh-token
[2025-06-10 16:30:41] INFO: POST /api/users/refresh-token
[2025-06-10 16:30:41] INFO: POST /api/users/refresh-token
[2025-06-10 16:30:41] INFO: POST /api/users/refresh-token
[2025-06-10 16:30:41] INFO: POST /api/users/refresh-token
[2025-06-10 16:30:41] INFO: POST /api/users/refresh-token
[2025-06-10 16:30:41] INFO: POST /api/users/refresh-token
[2025-06-10 16:30:41] INFO: POST /api/users/refresh-token
[2025-06-10 16:30:41] INFO: POST /api/users/refresh-token
[2025-06-10 16:30:41] INFO: POST /api/users/refresh-token
[2025-06-10 16:30:41] INFO: POST /api/users/refresh-token
[2025-06-10 16:30:41] INFO: POST /api/users/refresh-token
[2025-06-10 16:30:41] INFO: POST /api/users/refresh-token
[2025-06-10 16:30:41] INFO: POST /api/users/refresh-token
[2025-06-10 16:30:41] INFO: POST /api/users/refresh-token
[2025-06-10 16:30:41] INFO: POST /api/users/refresh-token
[2025-06-10 16:30:41] INFO: POST /api/users/refresh-token
[2025-06-10 16:30:41] INFO: POST /api/users/refresh-token
[2025-06-10 16:30:41] INFO: POST /api/users/refresh-token
[2025-06-10 16:30:41] INFO: POST /api/users/refresh-token
[2025-06-10 16:30:41] INFO: POST /api/users/refresh-token
[2025-06-10 16:30:41] INFO: POST /api/users/refresh-token
[2025-06-10 16:30:41] INFO: POST /api/users/refresh-token
[2025-06-10 16:30:41] INFO: POST /api/users/refresh-token
[2025-06-10 16:30:41] INFO: POST /api/users/refresh-token
[2025-06-10 16:30:41] INFO: POST /api/users/refresh-token
[2025-06-10 16:30:41] INFO: POST /api/users/refresh-token
[2025-06-10 16:30:41] INFO: POST /api/users/refresh-token
[2025-06-10 16:30:41] INFO: POST /api/users/refresh-token
[2025-06-10 16:30:41] INFO: POST /api/users/refresh-token
[2025-06-10 16:30:41] INFO: POST /api/users/refresh-token
[2025-06-10 16:30:41] INFO: POST /api/users/refresh-token
[2025-06-10 16:30:41] INFO: POST /api/users/refresh-token
[2025-06-10 16:30:41] INFO: POST /api/users/refresh-token
[2025-06-10 16:30:43] INFO: POST /api/users/refresh-token
[2025-06-10 16:30:43] INFO: POST /api/users/refresh-token
[2025-06-10 16:30:43] INFO: POST /api/users/refresh-token
[2025-06-10 16:30:43] INFO: POST /api/users/refresh-token
[2025-06-10 16:30:43] INFO: POST /api/users/refresh-token
[2025-06-10 16:30:43] INFO: POST /api/users/refresh-token
[2025-06-10 16:30:43] INFO: POST /api/users/refresh-token
[2025-06-10 16:30:43] INFO: POST /api/users/refresh-token
[2025-06-10 16:30:43] INFO: POST /api/users/refresh-token
[2025-06-10 16:30:43] INFO: POST /api/users/refresh-token
[2025-06-10 16:30:43] INFO: POST /api/users/refresh-token
[2025-06-10 16:30:43] INFO: POST /api/users/refresh-token
[2025-06-10 16:30:43] INFO: POST /api/users/refresh-token
[2025-06-10 16:30:43] INFO: POST /api/users/refresh-token
[2025-06-10 16:30:43] INFO: POST /api/users/refresh-token
[2025-06-10 16:30:43] INFO: POST /api/users/refresh-token
[2025-06-10 16:30:43] INFO: POST /api/users/refresh-token
[2025-06-10 16:30:43] INFO: POST /api/users/refresh-token
[2025-06-10 16:30:43] INFO: POST /api/users/refresh-token
[2025-06-10 16:30:43] INFO: POST /api/users/refresh-token
[2025-06-10 16:30:43] INFO: POST /api/users/refresh-token
[2025-06-10 16:30:43] INFO: POST /api/users/refresh-token
[2025-06-10 16:30:43] INFO: POST /api/users/refresh-token
[2025-06-10 16:30:43] INFO: POST /api/users/refresh-token
[2025-06-10 16:30:43] INFO: POST /api/users/refresh-token
[2025-06-10 16:30:43] INFO: POST /api/users/refresh-token
[2025-06-10 16:30:43] INFO: POST /api/users/refresh-token
[2025-06-10 16:30:43] INFO: POST /api/users/refresh-token
[2025-06-10 16:30:43] INFO: POST /api/users/refresh-token
[2025-06-10 16:30:43] INFO: POST /api/users/refresh-token
[2025-06-10 16:30:43] INFO: POST /api/users/refresh-token
[2025-06-10 16:30:43] INFO: POST /api/users/refresh-token
[2025-06-10 16:30:43] INFO: POST /api/users/refresh-token
[2025-06-10 16:30:43] INFO: POST /api/users/refresh-token
[2025-06-10 16:30:43] INFO: POST /api/users/refresh-token
[2025-06-10 16:30:43] INFO: POST /api/users/refresh-token
[2025-06-10 16:30:43] INFO: POST /api/users/refresh-token
[2025-06-10 16:30:44] INFO: POST /api/users/refresh-token
[2025-06-10 16:30:44] INFO: POST /api/users/refresh-token
[2025-06-10 16:30:44] INFO: POST /api/users/refresh-token
[2025-06-10 16:30:44] INFO: POST /api/users/refresh-token
[2025-06-10 16:30:44] INFO: POST /api/users/refresh-token
[2025-06-10 16:30:44] INFO: POST /api/users/refresh-token
[2025-06-10 16:30:44] INFO: POST /api/users/refresh-token
[2025-06-10 16:30:44] INFO: POST /api/users/refresh-token
[2025-06-10 16:30:44] INFO: POST /api/users/refresh-token
[2025-06-10 16:30:44] INFO: POST /api/users/refresh-token
[2025-06-10 16:30:44] INFO: POST /api/users/refresh-token
[2025-06-10 16:30:44] INFO: POST /api/users/refresh-token
[2025-06-10 16:30:44] INFO: POST /api/users/refresh-token
[2025-06-10 16:30:44] INFO: POST /api/users/refresh-token
[2025-06-10 16:30:44] INFO: POST /api/users/refresh-token
[2025-06-10 16:30:44] INFO: POST /api/users/refresh-token
[2025-06-10 16:30:44] INFO: POST /api/users/refresh-token
[2025-06-10 16:30:44] INFO: POST /api/users/refresh-token
[2025-06-10 16:30:44] INFO: POST /api/users/refresh-token
[2025-06-10 16:30:47] INFO: POST /api/properties/search
[2025-06-10 16:30:47] INFO: POST /api/users/refresh-token
[2025-06-10 16:30:47] INFO: POST /api/users/refresh-token
[2025-06-10 16:30:47] INFO: POST /api/users/refresh-token
[2025-06-10 16:30:47] INFO: POST /api/users/refresh-token
[2025-06-10 16:30:47] INFO: POST /api/users/refresh-token
[2025-06-10 16:30:47] INFO: POST /api/users/refresh-token
[2025-06-10 16:30:47] INFO: POST /api/users/refresh-token
[2025-06-10 16:30:47] INFO: POST /api/users/refresh-token
[2025-06-10 16:30:47] INFO: POST /api/users/refresh-token
[2025-06-10 16:30:47] INFO: POST /api/users/refresh-token
[2025-06-10 16:30:47] INFO: POST /api/users/refresh-token
[2025-06-10 16:30:47] INFO: POST /api/users/refresh-token
[2025-06-10 16:30:47] INFO: POST /api/users/refresh-token
[2025-06-10 16:30:47] INFO: POST /api/users/refresh-token
[2025-06-10 16:30:47] INFO: POST /api/users/refresh-token
[2025-06-10 16:30:47] INFO: POST /api/users/refresh-token
[2025-06-10 16:30:47] INFO: POST /api/users/refresh-token
[2025-06-10 16:30:47] INFO: POST /api/users/refresh-token
[2025-06-10 16:30:47] INFO: POST /api/users/refresh-token
[2025-06-10 16:30:47] INFO: POST /api/users/refresh-token
[2025-06-10 16:30:47] INFO: POST /api/users/refresh-token
[2025-06-10 16:30:47] INFO: POST /api/users/refresh-token
[2025-06-10 16:30:48] INFO: POST /api/users/refresh-token
[2025-06-10 16:30:48] INFO: POST /api/users/refresh-token
[2025-06-10 16:30:48] INFO: POST /api/users/refresh-token
[2025-06-10 16:30:48] INFO: POST /api/users/refresh-token
[2025-06-10 16:30:48] INFO: POST /api/users/refresh-token
[2025-06-10 16:30:48] INFO: POST /api/users/refresh-token
[2025-06-10 16:30:48] INFO: POST /api/users/refresh-token
[2025-06-10 16:30:48] INFO: POST /api/users/refresh-token
[2025-06-10 16:30:48] INFO: POST /api/users/refresh-token
[2025-06-10 16:30:48] INFO: POST /api/users/refresh-token
[2025-06-10 16:30:49] INFO: POST /api/users/refresh-token
[2025-06-10 16:30:49] INFO: POST /api/users/refresh-token
[2025-06-10 16:30:49] INFO: POST /api/users/refresh-token
[2025-06-10 16:30:49] INFO: POST /api/users/refresh-token
[2025-06-10 16:30:49] INFO: POST /api/users/refresh-token
[2025-06-10 16:30:49] INFO: POST /api/users/refresh-token
[2025-06-10 16:30:49] INFO: POST /api/users/refresh-token
[2025-06-10 16:30:49] INFO: POST /api/users/refresh-token
[2025-06-10 16:30:49] INFO: POST /api/users/refresh-token
[2025-06-10 16:30:49] INFO: POST /api/users/refresh-token
[2025-06-10 16:30:49] INFO: POST /api/users/refresh-token
[2025-06-10 16:30:49] INFO: POST /api/users/refresh-token
[2025-06-10 16:30:49] INFO: POST /api/users/refresh-token
[2025-06-10 16:30:49] INFO: POST /api/users/refresh-token
[2025-06-10 16:30:49] INFO: POST /api/users/refresh-token
[2025-06-10 16:30:49] INFO: POST /api/users/refresh-token
[2025-06-10 16:30:49] INFO: POST /api/users/refresh-token
[2025-06-10 16:30:49] INFO: POST /api/users/refresh-token
[2025-06-10 16:30:49] INFO: POST /api/users/refresh-token
[2025-06-10 16:30:49] INFO: POST /api/users/refresh-token
[2025-06-10 16:30:49] INFO: POST /api/users/refresh-token
[2025-06-10 16:30:49] INFO: POST /api/users/refresh-token
[2025-06-10 16:30:49] INFO: POST /api/users/refresh-token
[2025-06-10 16:30:49] INFO: POST /api/users/refresh-token
[2025-06-10 16:30:49] INFO: POST /api/users/refresh-token
[2025-06-10 16:30:49] INFO: POST /api/users/refresh-token
[2025-06-10 16:30:49] INFO: POST /api/users/refresh-token
[2025-06-10 16:30:49] INFO: POST /api/users/refresh-token
[2025-06-10 16:30:49] INFO: POST /api/users/refresh-token
[2025-06-10 16:30:49] INFO: POST /api/users/refresh-token
[2025-06-10 16:30:49] INFO: POST /api/users/refresh-token
[2025-06-10 16:30:50] INFO: POST /api/users/refresh-token
[2025-06-10 16:30:50] INFO: POST /api/users/refresh-token
[2025-06-10 16:30:50] INFO: POST /api/users/refresh-token
[2025-06-10 16:30:50] INFO: POST /api/users/refresh-token
[2025-06-10 16:30:50] INFO: POST /api/users/refresh-token
[2025-06-10 16:30:50] INFO: POST /api/users/refresh-token
[2025-06-10 16:30:50] INFO: POST /api/users/refresh-token
[2025-06-10 16:30:50] INFO: POST /api/users/refresh-token
[2025-06-10 16:30:50] INFO: POST /api/users/refresh-token
[2025-06-10 16:30:50] INFO: POST /api/users/refresh-token
[2025-06-10 16:30:50] INFO: POST /api/users/refresh-token
[2025-06-10 16:30:50] INFO: POST /api/users/refresh-token
[2025-06-10 16:30:50] INFO: POST /api/users/refresh-token
[2025-06-10 16:30:50] INFO: POST /api/users/refresh-token
[2025-06-10 16:30:50] INFO: POST /api/users/refresh-token
[2025-06-10 16:30:50] INFO: POST /api/users/refresh-token
[2025-06-10 16:30:50] INFO: POST /api/users/refresh-token
[2025-06-10 16:30:50] INFO: POST /api/users/refresh-token
[2025-06-10 16:30:50] INFO: POST /api/users/refresh-token
[2025-06-10 16:30:50] INFO: POST /api/users/refresh-token
[2025-06-10 16:30:50] INFO: POST /api/users/refresh-token
[2025-06-10 16:30:50] INFO: POST /api/users/refresh-token
[2025-06-10 16:30:50] INFO: POST /api/users/refresh-token
[2025-06-10 16:30:50] INFO: POST /api/users/refresh-token
[2025-06-10 16:30:50] INFO: POST /api/users/refresh-token
[2025-06-10 16:30:50] INFO: POST /api/users/refresh-token
[2025-06-10 16:30:51] INFO: POST /api/users/refresh-token
[2025-06-10 16:30:51] INFO: POST /api/users/refresh-token
[2025-06-10 16:30:51] INFO: POST /api/users/refresh-token
[2025-06-10 16:30:51] INFO: POST /api/users/refresh-token
[2025-06-10 16:30:51] INFO: POST /api/users/refresh-token
[2025-06-10 16:30:51] INFO: POST /api/users/refresh-token
[2025-06-10 16:30:51] INFO: POST /api/users/refresh-token
[2025-06-10 16:30:51] INFO: POST /api/users/refresh-token
[2025-06-10 16:30:51] INFO: POST /api/users/refresh-token
[2025-06-10 16:30:51] INFO: POST /api/users/refresh-token
[2025-06-10 16:30:51] INFO: POST /api/users/refresh-token
[2025-06-10 16:30:51] INFO: POST /api/users/refresh-token
[2025-06-10 16:30:51] INFO: POST /api/users/refresh-token
[2025-06-10 16:30:51] INFO: POST /api/users/refresh-token
[2025-06-10 16:30:51] INFO: POST /api/users/refresh-token
[2025-06-10 16:30:51] INFO: POST /api/users/refresh-token
[2025-06-10 16:30:51] INFO: POST /api/users/refresh-token
[2025-06-10 16:30:51] INFO: POST /api/users/refresh-token
[2025-06-10 16:30:51] INFO: POST /api/users/refresh-token
[2025-06-10 16:30:51] INFO: POST /api/users/refresh-token
[2025-06-10 16:30:51] INFO: POST /api/users/refresh-token
[2025-06-10 16:30:51] INFO: POST /api/users/refresh-token
[2025-06-10 16:30:51] INFO: POST /api/users/refresh-token
[2025-06-10 16:30:51] INFO: POST /api/users/refresh-token
[2025-06-10 16:30:51] INFO: POST /api/users/refresh-token
[2025-06-10 16:30:51] INFO: POST /api/users/refresh-token
[2025-06-10 16:30:51] INFO: POST /api/users/refresh-token
[2025-06-10 16:30:51] INFO: POST /api/users/refresh-token
[2025-06-10 16:30:51] INFO: POST /api/users/refresh-token
[2025-06-10 16:30:51] INFO: POST /api/users/refresh-token
[2025-06-10 16:30:51] INFO: POST /api/users/refresh-token
[2025-06-10 16:30:51] INFO: POST /api/users/refresh-token
[2025-06-10 16:30:51] INFO: POST /api/users/refresh-token
[2025-06-10 16:30:51] INFO: POST /api/users/refresh-token
[2025-06-10 16:30:51] INFO: POST /api/users/refresh-token
[2025-06-10 16:30:51] INFO: POST /api/users/refresh-token
[2025-06-10 16:30:51] INFO: POST /api/users/refresh-token
[2025-06-10 16:30:51] INFO: POST /api/users/refresh-token
[2025-06-10 16:30:51] INFO: POST /api/users/refresh-token
[2025-06-10 16:30:51] INFO: POST /api/users/refresh-token
[2025-06-10 16:30:51] INFO: POST /api/users/refresh-token
[2025-06-10 16:30:51] INFO: POST /api/users/refresh-token
[2025-06-10 16:30:51] INFO: POST /api/users/refresh-token
[2025-06-10 16:30:52] INFO: POST /api/users/refresh-token
[2025-06-10 16:30:52] INFO: POST /api/users/refresh-token
[2025-06-10 16:30:52] INFO: POST /api/users/refresh-token
[2025-06-10 16:30:52] INFO: POST /api/users/refresh-token
[2025-06-10 16:30:52] INFO: POST /api/users/refresh-token
[2025-06-10 16:30:52] INFO: POST /api/users/refresh-token
[2025-06-10 16:30:52] INFO: POST /api/users/refresh-token
[2025-06-10 16:30:52] INFO: POST /api/users/refresh-token
[2025-06-10 16:30:52] INFO: POST /api/users/refresh-token
[2025-06-10 16:30:52] INFO: POST /api/users/refresh-token
[2025-06-10 16:30:52] INFO: POST /api/users/refresh-token
[2025-06-10 16:30:52] INFO: POST /api/users/refresh-token
[2025-06-10 16:30:52] INFO: POST /api/users/refresh-token
[2025-06-10 16:56:29] INFO: POST /api/properties/search
[2025-06-10 16:56:40] INFO: POST /api/users/login
[2025-06-10 17:02:44] INFO: POST /api/users/register
[2025-06-10 17:02:52] INFO: POST /api/users/login
[2025-06-10 17:02:58] INFO: POST /api/users/login
[2025-06-10 17:03:07] INFO: POST /api/users/login
[2025-06-10 17:03:08] INFO: GET /api/users/current
[2025-06-10 17:08:53] INFO: DELETE /api/users/current
[2025-06-10 17:08:53] INFO: POST /api/properties/search
[2025-06-10 17:22:25] INFO: POST /api/users/login
[2025-06-10 17:22:33] INFO: POST /api/users/login
[2025-06-10 17:24:44] INFO: POST /api/users/login
[2025-06-10 17:24:50] INFO: POST /api/users/login
[2025-06-10 17:24:51] INFO: GET /api/users/current
[2025-06-10 17:26:00] INFO: POST /api/users/logout
[2025-06-10 17:26:01] INFO: POST /api/properties/search
[2025-06-10 17:26:07] INFO: POST /api/users/login
[2025-06-10 17:26:32] INFO: POST /api/users/register
[2025-06-10 17:26:40] INFO: POST /api/users/login
[2025-06-10 17:26:41] INFO: GET /api/users/current
[2025-06-10 17:27:47] INFO: POST /api/users/refresh-token
[2025-06-10 17:27:47] INFO: POST /api/users/refresh-token
[2025-06-10 17:27:47] INFO: GET /api/users/current
[2025-06-10 17:27:47] INFO: POST /api/properties/search
[2025-06-10 17:27:48] INFO: GET /api/users/current
[2025-06-10 18:04:25] INFO: PUT /api/users/current
[2025-06-10 18:04:25] INFO: POST /api/users/refresh-token
[2025-06-10 18:04:26] INFO: PUT /api/users/current
[2025-06-10 18:04:26] INFO: GET /api/users/current
[2025-06-10 18:09:13] INFO: PUT /api/users/current
[2025-06-10 18:59:44] INFO: POST /api/users/refresh-token
[2025-06-10 18:59:44] INFO: POST /api/users/refresh-token
[2025-06-10 18:59:44] INFO: POST /api/users/refresh-token
[2025-06-10 18:59:44] INFO: POST /api/users/refresh-token
[2025-06-10 18:59:44] INFO: POST /api/users/refresh-token
[2025-06-10 18:59:44] INFO: POST /api/users/refresh-token
[2025-06-10 18:59:44] INFO: POST /api/properties/search
[2025-06-10 18:59:52] INFO: POST /api/properties/search
[2025-06-10 18:59:52] INFO: POST /api/users/refresh-token
[2025-06-10 18:59:52] INFO: POST /api/users/refresh-token
[2025-06-10 18:59:53] INFO: POST /api/properties/search
[2025-06-10 18:59:59] INFO: POST /api/users/login
[2025-06-10 19:00:07] INFO: POST /api/users/login
[2025-06-10 19:00:08] INFO: GET /api/users/current
[2025-06-10 19:03:14] INFO: POST /api/properties/search
[2025-06-10 19:03:19] INFO: POST /api/properties/search
[2025-06-10 19:03:19] INFO: POST /api/users/refresh-token
[2025-06-10 19:03:19] INFO: POST /api/users/refresh-token
[2025-06-10 19:03:19] INFO: POST /api/properties/search
[2025-06-10 19:03:19] INFO: GET /api/users/current
[2025-06-10 19:03:21] INFO: POST /api/properties/search
[2025-06-10 19:03:24] INFO: POST /api/properties/search
[2025-06-10 19:03:24] INFO: POST /api/users/refresh-token
[2025-06-10 19:03:24] INFO: POST /api/users/refresh-token
[2025-06-10 19:03:24] INFO: GET /api/users/current
[2025-06-10 19:03:57] INFO: POST /api/users/logout
[2025-06-10 19:04:21] INFO: POST /api/properties/search
[2025-06-10 19:04:24] INFO: POST /api/properties/search
[2025-06-10 19:04:24] INFO: POST /api/users/refresh-token
[2025-06-10 19:04:24] INFO: POST /api/users/refresh-token
[2025-06-10 19:04:24] INFO: POST /api/properties/search
[2025-06-10 19:04:28] INFO: POST /api/users/refresh-token
[2025-06-10 19:04:28] INFO: POST /api/users/refresh-token
[2025-06-10 19:04:28] INFO: POST /api/properties/search
[2025-06-10 19:04:29] INFO: POST /api/properties/search
[2025-06-10 19:04:39] INFO: POST /api/users/login
[2025-06-10 19:04:40] INFO: GET /api/users/current
[2025-06-10 19:04:42] INFO: POST /api/users/logout
[2025-06-10 19:04:51] INFO: POST /api/users/login
[2025-06-10 19:04:52] INFO: GET /api/users/current
[2025-06-10 19:11:31] INFO: GET /api/users/current
[2025-06-10 19:11:50] INFO: GET /api/properties
[2025-06-10 19:12:20] INFO: POST /api/users/register
[2025-06-10 19:12:25] INFO: POST /api/users/register
[2025-06-10 19:12:34] INFO: GET /api/users/682eddee0b6f78af81741016
[2025-06-10 19:12:53] INFO: POST /api/users/refresh-token
[2025-06-10 19:17:01] INFO: POST /api/users/refresh-token
[2025-06-10 19:58:10] INFO: POST /api/users/refresh-token
[2025-06-10 19:58:11] INFO: POST /api/users/refresh-token
[2025-06-10 19:58:14] INFO: POST /api/users/login
[2025-06-10 19:59:02] INFO: GET /api/users/current
[2025-06-10 20:24:55] INFO: POST /api/properties/search
[2025-06-10 20:24:56] INFO: POST /api/properties/search
[2025-06-10 20:25:44] INFO: GET /api/users/current
[2025-06-10 20:31:27] INFO: GET /api/users/current
[2025-06-10 20:44:02] INFO: POST /api/properties/search
[2025-06-10 20:44:39] INFO: POST /api/properties/search
[2025-06-10 20:47:40] INFO: POST /api/properties/search
[2025-06-10 21:28:43] INFO: POST /api/properties/search
[2025-06-10 21:36:35] INFO: GET /api/users/current
[2025-06-10 21:37:40] INFO: POST /api/properties/search
[2025-06-10 21:40:16] INFO: POST /api/properties/search
[2025-06-10 21:40:23] INFO: POST /api/properties/search
[2025-06-10 21:42:15] INFO: POST /api/properties/search
[2025-06-10 21:44:29] INFO: POST /api/properties/search
[2025-06-10 21:44:55] INFO: POST /api/properties/search
[2025-06-10 21:45:05] INFO: POST /api/properties/search
[2025-06-10 21:46:07] INFO: GET /api/users/current
[2025-06-10 21:46:17] INFO: POST /api/users/login
[2025-06-10 21:46:18] INFO: GET /api/users/current
[2025-06-10 21:47:00] INFO: POST /api/properties/search
[2025-06-10 21:47:00] INFO: GET /api/users/current
[2025-06-10 21:47:01] INFO: GET /api/users/current
[2025-06-10 21:47:14] INFO: POST /api/properties/search
[2025-06-10 21:47:14] INFO: GET /api/users/current
[2025-06-10 21:47:14] INFO: GET /api/users/current
[2025-06-10 21:48:50] INFO: POST /api/properties/search
[2025-06-10 21:48:50] INFO: GET /api/users/current
[2025-06-10 21:48:51] INFO: GET /api/users/current
[2025-06-10 21:49:12] INFO: POST /api/properties/search
[2025-06-10 21:49:21] INFO: POST /api/properties/search
[2025-06-10 21:49:21] INFO: GET /api/users/current
[2025-06-10 21:49:21] INFO: GET /api/users/current
[2025-06-10 21:49:28] INFO: POST /api/properties/search
[2025-06-10 21:49:28] INFO: GET /api/users/current
[2025-06-10 21:49:28] INFO: GET /api/users/current
[2025-06-10 21:50:36] INFO: POST /api/properties/search
[2025-06-10 21:50:40] INFO: POST /api/properties/search
[2025-06-10 21:50:40] INFO: GET /api/users/current
[2025-06-10 21:50:41] INFO: GET /api/users/current
[2025-06-10 21:51:24] INFO: POST /api/properties/search
[2025-06-10 21:51:24] INFO: GET /api/users/current
[2025-06-10 21:51:25] INFO: GET /api/users/current
[2025-06-10 21:51:42] INFO: POST /api/properties/search
[2025-06-10 21:51:42] INFO: GET /api/users/current
[2025-06-10 21:52:15] INFO: POST /api/properties/search
[2025-06-10 21:52:15] INFO: GET /api/users/current
[2025-06-10 21:52:15] INFO: GET /api/users/current
[2025-06-10 21:52:52] INFO: POST /api/properties/search
[2025-06-10 21:53:10] INFO: POST /api/properties/search
[2025-06-10 21:53:10] INFO: GET /api/users/current
[2025-06-10 21:53:10] INFO: GET /api/users/current
[2025-06-10 21:53:38] INFO: POST /api/users/login
[2025-06-10 21:54:59] INFO: POST /api/properties/search
[2025-06-10 21:55:01] INFO: POST /api/users/login
[2025-06-10 21:55:03] INFO: POST /api/users/login
[2025-06-10 21:55:15] INFO: POST /api/properties/search
[2025-06-10 21:56:00] INFO: POST /api/properties/search
[2025-06-10 21:56:05] INFO: POST /api/properties/search
[2025-06-10 21:56:05] INFO: GET /api/users/current
[2025-06-10 21:56:05] INFO: GET /api/users/current
[2025-06-10 22:04:42] INFO: POST /api/properties/search
[2025-06-10 22:04:42] INFO: GET /api/users/current
[2025-06-10 22:04:42] INFO: GET /api/users/current
[2025-06-10 22:04:42] INFO: POST /api/users/refresh-token
[2025-06-10 22:04:42] INFO: POST /api/users/refresh-token
[2025-06-10 22:04:43] INFO: GET /api/users/current
[2025-06-10 22:04:43] INFO: GET /api/users/current
[2025-06-10 22:04:43] INFO: GET /api/users/current
[2025-06-10 22:04:43] INFO: GET /api/users/current
[2025-06-10 22:05:51] INFO: POST /api/properties/search
[2025-06-10 22:05:51] INFO: GET /api/users/current
[2025-06-10 22:08:17] INFO: POST /api/properties/search
[2025-06-10 22:08:30] INFO: POST /api/properties/search
[2025-06-10 22:08:30] INFO: GET /api/users/current
[2025-06-10 22:08:30] INFO: GET /api/users/current
[2025-06-10 22:08:47] INFO: POST /api/properties/search
[2025-06-10 22:08:47] INFO: GET /api/users/current
[2025-06-10 22:08:47] INFO: GET /api/users/current
[2025-06-10 22:08:57] INFO: POST /api/properties/search
[2025-06-10 22:10:24] INFO: POST /api/users/login
[2025-06-10 22:10:24] INFO: GET /api/users/current
[2025-06-10 22:10:31] INFO: POST /api/properties/search
[2025-06-10 22:10:31] INFO: GET /api/users/current
[2025-06-10 22:10:31] INFO: GET /api/users/current
[2025-06-10 22:10:37] INFO: POST /api/properties/search
[2025-06-10 22:10:37] INFO: GET /api/users/current
[2025-06-10 22:10:38] INFO: GET /api/users/current
[2025-06-10 22:10:44] INFO: POST /api/properties/search
[2025-06-10 22:10:46] INFO: POST /api/properties/search
[2025-06-10 22:10:56] INFO: GET /api/properties/location
[2025-06-10 22:10:56] INFO: POST /api/properties/search
[2025-06-10 22:10:56] INFO: GET /api/properties/location
[2025-06-10 22:11:00] INFO: POST /api/properties/search
[2025-06-10 22:11:07] INFO: POST /api/properties/search
[2025-06-10 22:11:07] INFO: GET /api/users/current
[2025-06-10 22:11:08] INFO: GET /api/users/current
[2025-06-10 22:11:54] INFO: POST /api/properties/search
[2025-06-10 22:12:26] INFO: POST /api/properties/search
[2025-06-10 22:12:26] INFO: GET /api/users/current
[2025-06-10 22:12:26] INFO: GET /api/users/current
[2025-06-10 22:13:42] INFO: POST /api/properties/search
[2025-06-10 22:13:42] INFO: GET /api/users/current
[2025-06-10 22:13:42] INFO: GET /api/users/current
[2025-06-10 22:14:16] INFO: POST /api/properties/search
[2025-06-10 22:14:19] INFO: POST /api/properties/search
[2025-06-10 22:14:19] INFO: GET /api/users/current
[2025-06-10 22:14:19] INFO: GET /api/users/current
[2025-06-10 22:15:45] INFO: POST /api/properties/search
[2025-06-10 22:15:45] INFO: GET /api/users/current
[2025-06-10 22:15:54] INFO: POST /api/properties/search
[2025-06-10 22:15:54] INFO: GET /api/users/current
[2025-06-10 22:16:41] INFO: POST /api/properties/search
[2025-06-10 22:16:41] INFO: GET /api/users/current
[2025-06-10 22:17:10] INFO: POST /api/properties/search
[2025-06-10 22:28:12] INFO: GET /api/users/current
[2025-06-10 22:28:28] INFO: POST /api/properties/search
[2025-06-10 22:28:33] INFO: POST /api/properties/search
[2025-06-10 22:28:33] INFO: GET /api/users/current
[2025-06-10 22:28:33] INFO: POST /api/users/refresh-token
[2025-06-10 22:28:33] INFO: GET /api/users/current
[2025-06-10 22:28:33] INFO: GET /api/users/current
[2025-06-10 22:42:57] INFO: POST /api/properties/search
[2025-06-10 22:42:57] INFO: GET /api/users/current
[2025-06-10 22:44:13] INFO: POST /api/properties/search
[2025-06-10 22:44:13] INFO: GET /api/users/current
[2025-06-10 22:44:13] INFO: POST /api/users/refresh-token
[2025-06-10 22:44:13] INFO: GET /api/users/current
[2025-06-10 22:44:14] INFO: POST /api/properties/search
[2025-06-10 22:44:21] INFO: GET /api/users/current
[2025-06-10 22:44:21] INFO: POST /api/properties/search
[2025-06-10 22:44:31] INFO: GET /api/users/current
[2025-06-10 22:44:31] INFO: POST /api/properties/search
[2025-06-10 22:44:38] INFO: GET /api/users/current
[2025-06-10 22:44:38] INFO: POST /api/properties/search
[2025-06-10 22:44:46] INFO: GET /api/users/current
[2025-06-10 22:44:46] INFO: POST /api/properties/search
[2025-06-10 22:45:09] INFO: GET /api/users/current
[2025-06-10 22:45:09] INFO: POST /api/properties/search
[2025-06-10 22:45:21] INFO: GET /api/users/current
[2025-06-10 22:45:21] INFO: POST /api/properties/search
[2025-06-10 22:45:37] INFO: GET /api/users/current
[2025-06-10 22:45:37] INFO: POST /api/properties/search
[2025-06-10 22:46:09] INFO: GET /api/users/current
[2025-06-10 22:46:09] INFO: POST /api/properties/search
[2025-06-10 22:46:27] INFO: GET /api/users/current
[2025-06-10 22:46:27] INFO: POST /api/properties/search
[2025-06-10 22:46:47] INFO: GET /api/users/current
[2025-06-10 22:46:47] INFO: POST /api/properties/search
[2025-06-10 22:47:05] INFO: GET /api/users/current
[2025-06-10 22:47:05] INFO: POST /api/properties/search
[2025-06-10 22:47:08] INFO: GET /api/users/current
[2025-06-10 22:47:08] INFO: POST /api/properties/search
[2025-06-10 22:47:13] INFO: POST /api/properties/search
[2025-06-10 22:47:13] INFO: GET /api/users/current
[2025-06-10 22:47:13] INFO: POST /api/properties/search
[2025-06-10 22:47:17] INFO: POST /api/properties/search
[2025-06-10 22:47:17] INFO: GET /api/users/current
[2025-06-10 22:47:17] INFO: POST /api/properties/search
[2025-06-10 22:47:29] INFO: GET /api/users/current
[2025-06-10 22:47:29] INFO: POST /api/properties/search
[2025-06-10 22:47:36] INFO: POST /api/properties/search
[2025-06-10 22:47:36] INFO: GET /api/users/current
[2025-06-10 22:47:36] INFO: POST /api/properties/search
[2025-06-10 22:47:41] INFO: GET /api/users/current
[2025-06-10 22:47:44] INFO: GET /api/users/current
[2025-06-10 22:47:47] INFO: GET /api/users/current
[2025-06-10 22:47:54] INFO: POST /api/properties/search
[2025-06-10 22:48:01] INFO: POST /api/users/logout
[2025-06-10 22:48:24] INFO: GET /api/users/current
[2025-06-10 22:48:24] INFO: POST /api/properties/search
[2025-06-10 22:49:16] INFO: GET /api/users/current
[2025-06-10 22:49:16] INFO: POST /api/properties/search
[2025-06-10 22:49:53] INFO: GET /api/users/current
[2025-06-10 22:49:53] INFO: POST /api/properties/search
[2025-06-10 22:56:15] INFO: GET /api/users/current
[2025-06-10 22:56:15] INFO: POST /api/properties/search
[2025-06-10 22:58:10] INFO: GET /api/users/current
[2025-06-10 22:58:10] INFO: POST /api/properties/search
[2025-06-10 22:59:10] INFO: GET /api/users/current
[2025-06-10 22:59:11] INFO: POST /api/properties/search
[2025-06-10 22:59:16] INFO: POST /api/properties/search
[2025-06-10 22:59:16] INFO: GET /api/users/current
[2025-06-10 23:01:42] INFO: POST /api/properties/search
[2025-06-10 23:02:06] INFO: POST /api/properties/search
[2025-06-10 23:03:15] INFO: POST /api/properties/search
[2025-06-10 23:03:20] INFO: POST /api/users/login
[2025-06-10 23:04:02] INFO: POST /api/properties/search
[2025-06-10 23:04:09] INFO: POST /api/users/login
[2025-06-10 23:04:25] INFO: POST /api/properties/search
[2025-06-10 23:04:56] INFO: POST /api/properties/search
[2025-06-10 23:05:09] INFO: POST /api/properties/search
[2025-06-10 23:05:48] INFO: POST /api/users/login
[2025-06-10 23:05:49] INFO: GET /api/users/current
[2025-06-10 23:05:49] INFO: POST /api/properties/search
[2025-06-10 23:05:54] INFO: POST /api/properties/search
[2025-06-10 23:05:54] INFO: GET /api/users/current
[2025-06-10 23:05:55] INFO: POST /api/properties/search
[2025-06-10 23:06:38] INFO: POST /api/users/logout
[2025-06-10 23:08:01] INFO: POST /api/users/logout
[2025-06-10 23:09:22] INFO: POST /api/users/logout
[2025-06-10 23:09:53] INFO: POST /api/users/logout
[2025-06-10 23:09:56] INFO: POST /api/users/logout
[2025-06-10 23:09:57] INFO: POST /api/users/logout
[2025-06-10 23:09:59] INFO: POST /api/users/logout
[2025-06-10 23:10:00] INFO: POST /api/users/logout
[2025-06-10 23:10:20] INFO: POST /api/users/logout
[2025-06-10 23:13:46] INFO: POST /api/properties/search
[2025-06-10 23:23:16] INFO: POST /api/users/logout
[2025-06-10 23:23:26] INFO: POST /api/properties/search
